  main_CBO.cpp
C:\usr\local\OpenGL\include\FreeImage\FreeImage.h(1,1): warning C4819: 현재 코드 페이지(949)에서 표시할 수 없는 문자가 파일에 들어 있습니다. 데이터가 손실되지 않게 하려면 해당 파일을 유니코드 형식으로 저장하십시오.
C:\Users\ropein\Convolution_Gaussian_Filter_CL\src\Context_CBO.h(64,1): warning C4305: '초기화 중': 'double'에서 'const float'(으)로 잘립니다.
C:\Users\ropein\Convolution_Gaussian_Filter_CL\src\Context_CBO.h(74,1): warning C4305: '초기화 중': 'double'에서 'const float'(으)로 잘립니다.
C:\Users\ropein\Convolution_Gaussian_Filter_CL\src\Context_CBO.h(86,1): warning C4305: '초기화 중': 'double'에서 'const float'(으)로 잘립니다.
C:\Users\ropein\Convolution_Gaussian_Filter_CL\src\Context_CBO.h(100,1): warning C4305: '초기화 중': 'double'에서 'const float'(으)로 잘립니다.
C:\Users\ropein\Convolution_Gaussian_Filter_CL\src\main_CBO.cpp(191,21): warning C4477: 'fprintf' : 서식 문자열 '%d'에 'int' 형식의 인수가 필요하지만 variadic 인수 1의 형식이 'size_t'입니다.
C:\Users\ropein\Convolution_Gaussian_Filter_CL\src\main_CBO.cpp(191,21): message : 서식 문자열에서 '%zd'을(를) 사용하는 것이 좋습니다.
C:\Users\ropein\Convolution_Gaussian_Filter_CL\src\main_CBO.cpp(191,21): warning C4477: 'fprintf' : 서식 문자열 '%d'에 'int' 형식의 인수가 필요하지만 variadic 인수 2의 형식이 'size_t'입니다.
C:\Users\ropein\Convolution_Gaussian_Filter_CL\src\main_CBO.cpp(191,21): message : 서식 문자열에서 '%zd'을(를) 사용하는 것이 좋습니다.
C:\Users\ropein\Convolution_Gaussian_Filter_CL\src\main_CBO.cpp(191,21): warning C4477: 'fprintf' : 서식 문자열 '%d'에 'int' 형식의 인수가 필요하지만 variadic 인수 3의 형식이 'size_t'입니다.
C:\Users\ropein\Convolution_Gaussian_Filter_CL\src\main_CBO.cpp(191,21): message : 서식 문자열에서 '%zd'을(를) 사용하는 것이 좋습니다.
C:\Users\ropein\Convolution_Gaussian_Filter_CL\src\main_CBO.cpp(191,21): warning C4477: 'fprintf' : 서식 문자열 '%d'에 'int' 형식의 인수가 필요하지만 variadic 인수 4의 형식이 'size_t'입니다.
C:\Users\ropein\Convolution_Gaussian_Filter_CL\src\main_CBO.cpp(191,21): message : 서식 문자열에서 '%zd'을(를) 사용하는 것이 좋습니다.
C:\Users\ropein\Convolution_Gaussian_Filter_CL\src\main_CBO.cpp(223,5): warning C4477: 'sprintf' : 서식 문자열 '%d'에 'int' 형식의 인수가 필요하지만 variadic 인수 6의 형식이 'size_t'입니다.
C:\Users\ropein\Convolution_Gaussian_Filter_CL\src\main_CBO.cpp(223,5): message : 서식 문자열에서 '%zd'을(를) 사용하는 것이 좋습니다.
C:\Users\ropein\Convolution_Gaussian_Filter_CL\src\main_CBO.cpp(223,5): warning C4477: 'sprintf' : 서식 문자열 '%d'에 'int' 형식의 인수가 필요하지만 variadic 인수 7의 형식이 'size_t'입니다.
C:\Users\ropein\Convolution_Gaussian_Filter_CL\src\main_CBO.cpp(223,5): message : 서식 문자열에서 '%zd'을(를) 사용하는 것이 좋습니다.
C:\Users\ropein\Convolution_Gaussian_Filter_CL\src\main_CBO.cpp(223,5): warning C4477: 'sprintf' : 서식 문자열 '%d'에 'int' 형식의 인수가 필요하지만 variadic 인수 8의 형식이 'size_t'입니다.
C:\Users\ropein\Convolution_Gaussian_Filter_CL\src\main_CBO.cpp(223,5): message : 서식 문자열에서 '%zd'을(를) 사용하는 것이 좋습니다.
C:\Users\ropein\Convolution_Gaussian_Filter_CL\src\main_CBO.cpp(223,5): warning C4477: 'sprintf' : 서식 문자열 '%d'에 'int' 형식의 인수가 필요하지만 variadic 인수 9의 형식이 'size_t'입니다.
C:\Users\ropein\Convolution_Gaussian_Filter_CL\src\main_CBO.cpp(223,5): message : 서식 문자열에서 '%zd'을(를) 사용하는 것이 좋습니다.
  Convolution_BO_Extension.vcxproj -> C:\Users\ropein\Convolution_Gaussian_Filter_CL\x64\Debug\Convolution_Gaussian_Filter_CL.exe
